[ 2019-03-06T10:46:29+08:00 ] 127.0.0.1 /index.php?m=leads
ERR: You have an error in your SQL syntax; check the manual that corresponds to your MySQL server version for the right syntax to use near '%s) )' at line 1
 [ SQLËØ≠Âè• ] : SELECT role.user_id AS user_id,role.role_id AS role_id,role.position_id AS position_id,user.name AS user_name,user.status AS status,user.weixinid AS weixinid,user.category_id AS category_id,user.sex AS sex,user.address AS address,user.email AS email,user.img AS img,user.telephone AS telephone,user.dashboard AS dashboard,position.name AS role_name,position.parent_id AS parent_id,position.department_id AS department_id,position.description AS description,role_department.name AS department_name FROM 5kcrm_role role LEFT JOIN 5kcrm_user user ON user.user_id=role.user_id LEFT JOIN 5kcrm_position position ON position.position_id=role.position_id LEFT JOIN 5kcrm_role_department role_department ON role_department.department_id=position.department_id WHERE ( role.role_id in (%s) ) 

[ 2019-03-06T10:46:38+08:00 ] 127.0.0.1 /index.php?m=leads
ERR: You have an error in your SQL syntax; check the manual that corresponds to your MySQL server version for the right syntax to use near '%s) )' at line 1
 [ SQLËØ≠Âè• ] : SELECT role.user_id AS user_id,role.role_id AS role_id,role.position_id AS position_id,user.name AS user_name,user.status AS status,user.weixinid AS weixinid,user.category_id AS category_id,user.sex AS sex,user.address AS address,user.email AS email,user.img AS img,user.telephone AS telephone,user.dashboard AS dashboard,position.name AS role_name,position.parent_id AS parent_id,position.department_id AS department_id,position.description AS description,role_department.name AS department_name FROM 5kcrm_role role LEFT JOIN 5kcrm_user user ON user.user_id=role.user_id LEFT JOIN 5kcrm_position position ON position.position_id=role.position_id LEFT JOIN 5kcrm_role_department role_department ON role_department.department_id=position.department_id WHERE ( role.role_id in (%s) ) 

[ 2019-03-06T10:46:46+08:00 ] ERR: (ThinkException) ”…”⁄ƒø±Íº∆À„ª˙ª˝º´æ‹æ¯£¨Œﬁ∑®¡¨Ω”°£

[ 2019-03-06T15:28:00+08:00 ] ERR: (ThinkException) Access denied for user 'root'@'localhost' (using password: NO)
[ 2019-03-06T15:29:45+08:00 ] 127.0.0.1 /index.php?m=business
ERR: You have an error in your SQL syntax; check the manual that corresponds to your MySQL server version for the right syntax to use near ') )' at line 1
 [ SQLËØ≠Âè• ] : SELECT role.user_id AS user_id,role.role_id AS role_id,role.position_id AS position_id,user.name AS user_name,user.status AS status,user.weixinid AS weixinid,user.category_id AS category_id,user.sex AS sex,user.address AS address,user.email AS email,user.img AS img,user.telephone AS telephone,user.dashboard AS dashboard,position.name AS role_name,position.parent_id AS parent_id,position.department_id AS department_id,position.description AS description,role_department.name AS department_name FROM 5kcrm_role role LEFT JOIN 5kcrm_user user ON user.user_id=role.user_id LEFT JOIN 5kcrm_position position ON position.position_id=role.position_id LEFT JOIN 5kcrm_role_department role_department ON role_department.department_id=position.department_id WHERE ( role.role_id in () ) 

[ 2019-03-06T15:29:48+08:00 ] 127.0.0.1 /index.php?m=leads
ERR: You have an error in your SQL syntax; check the manual that corresponds to your MySQL server version for the right syntax to use near '%s) )' at line 1
 [ SQLËØ≠Âè• ] : SELECT role.user_id AS user_id,role.role_id AS role_id,role.position_id AS position_id,user.name AS user_name,user.status AS status,user.weixinid AS weixinid,user.category_id AS category_id,user.sex AS sex,user.address AS address,user.email AS email,user.img AS img,user.telephone AS telephone,user.dashboard AS dashboard,position.name AS role_name,position.parent_id AS parent_id,position.department_id AS department_id,position.description AS description,role_department.name AS department_name FROM 5kcrm_role role LEFT JOIN 5kcrm_user user ON user.user_id=role.user_id LEFT JOIN 5kcrm_position position ON position.position_id=role.position_id LEFT JOIN 5kcrm_role_department role_department ON role_department.department_id=position.department_id WHERE ( role.role_id in (%s) ) 

[ 2019-03-06T15:29:49+08:00 ] 127.0.0.1 /index.php?m=leads
ERR: You have an error in your SQL syntax; check the manual that corresponds to your MySQL server version for the right syntax to use near '%s) )' at line 1
 [ SQLËØ≠Âè• ] : SELECT role.user_id AS user_id,role.role_id AS role_id,role.position_id AS position_id,user.name AS user_name,user.status AS status,user.weixinid AS weixinid,user.category_id AS category_id,user.sex AS sex,user.address AS address,user.email AS email,user.img AS img,user.telephone AS telephone,user.dashboard AS dashboard,position.name AS role_name,position.parent_id AS parent_id,position.department_id AS department_id,position.description AS description,role_department.name AS department_name FROM 5kcrm_role role LEFT JOIN 5kcrm_user user ON user.user_id=role.user_id LEFT JOIN 5kcrm_position position ON position.position_id=role.position_id LEFT JOIN 5kcrm_role_department role_department ON role_department.department_id=position.department_id WHERE ( role.role_id in (%s) ) 

[ 2019-03-06T15:29:54+08:00 ] 127.0.0.1 /index.php?m=customer&a=view&id=1&content=
ERR: You have an error in your SQL syntax; check the manual that corresponds to your MySQL server version for the right syntax to use near ') )' at line 1
 [ SQLËØ≠Âè• ] : SELECT * FROM `5kcrm_file` WHERE ( file_id in () ) 
ERR: You have an error in your SQL syntax; check the manual that corresponds to your MySQL server version for the right syntax to use near '%s) and is_deleted=0 )' at line 1
 [ SQLËØ≠Âè• ] : SELECT * FROM `5kcrm_task` WHERE ( task_id in (%s) and is_deleted=0 ) 
ERR: You have an error in your SQL syntax; check the manual that corresponds to your MySQL server version for the right syntax to use near '%s) and is_deleted=0 )' at line 1
 [ SQLËØ≠Âè• ] : SELECT * FROM `5kcrm_event` WHERE ( event_id in (%s) and is_deleted=0 ) 
ERR: You have an error in your SQL syntax; check the manual that corresponds to your MySQL server version for the right syntax to use near '%s) )' at line 1
 [ SQLËØ≠Âè• ] : SELECT `log_id` FROM `5kcrm_r_business_log` WHERE ( business_id in (%s) ) 
ERR: You have an error in your SQL syntax; check the manual that corresponds to your MySQL server version for the right syntax to use near ') )' at line 1
 [ SQLËØ≠Âè• ] : SELECT * FROM `5kcrm_log` WHERE ( log_id in () ) 
ERR: You have an error in your SQL syntax; check the manual that corresponds to your MySQL server version for the right syntax to use near '%s) and contract.is_deleted=0 )' at line 1
 [ SQLËØ≠Âè• ] : SELECT contract.contract_id AS contract_id,contract.number AS number,contract.business_id AS business_id,contract.is_deleted AS is_deleted,contract.start_date AS start_date,contract.end_date AS end_date,contract.delete_role_id AS delete_role_id,contract.delete_time AS delete_time,contract.price AS price,contract.due_time AS due_time,contract.content AS content,contract.creator_role_id AS creator_role_id,contract.owner_role_id AS owner_role_id,contract.description AS description,contract.create_time AS create_time,contract.update_time AS update_time,contract.status AS status,business.name AS business_name,business.contacts_id AS contacts_id,business.customer_id AS customer_id,contacts.name AS contacts_name,customer.name AS customer_name,user.name AS owner_name FROM 5kcrm_contract contract LEFT JOIN 5kcrm_business business ON contract.business_id=business.business_id LEFT JOIN 5kcrm_contacts contacts ON contacts.contacts_id=business.contacts_id LEFT JOIN 5kcrm_customer customer ON customer.customer_id=business.customer_id LEFT JOIN 5kcrm_user user ON contract.owner_role_id=user.role_id WHERE ( contract.business_id in (%s) and contract.is_deleted=0 ) 
ERR: You have an error in your SQL syntax; check the manual that corresponds to your MySQL server version for the right syntax to use near '%s) )' at line 1
 [ SQLËØ≠Âè• ] : SELECT r_business_product.id AS id,r_business_product.business_id AS business_id,r_business_product.product_id AS product_id,r_business_product.sales_price AS sales_price,r_business_product.estimate_price AS estimate_price,r_business_product.amount AS amount,r_business_product.discount_rate AS discount_rate,r_business_product.tax_rate AS tax_rate,r_business_product.unit_price AS unit_price,r_business_product.subtotal AS subtotal,r_business_product.description AS description,r_business_product.subtotal_val AS subtotal_val,r_business_product.discount_price AS discount_price,business.name AS name,product.name AS name,product.cost_price AS cost_price FROM 5kcrm_r_business_product r_business_product LEFT JOIN 5kcrm_business business ON r_business_product.business_id=business.business_id LEFT JOIN 5kcrm_product product ON r_business_product.product_id=product.product_id WHERE ( r_business_product.business_id in (%s) ) 
ERR: You have an error in your SQL syntax; check the manual that corresponds to your MySQL server version for the right syntax to use near '%s) and is_deleted=0 )' at line 1
 [ SQLËØ≠Âè• ] : SELECT * FROM `5kcrm_contacts` WHERE ( contacts_id in (%s) and is_deleted=0 ) 
ERR: You have an error in your SQL syntax; check the manual that corresponds to your MySQL server version for the right syntax to use near '%s) and is_deleted=0 ) LIMIT 1' at line 1
 [ SQLËØ≠Âè• ] : SELECT COUNT(*) AS tp_count FROM `5kcrm_contacts` WHERE ( contacts_id in (%s) and is_deleted=0 ) LIMIT 1  

[ 2019-03-06T16:03:57+08:00 ] 109.232.240.7 /index.php?m=business
ERR: You have an error in your SQL syntax; check the manual that corresponds to your MySQL server version for the right syntax to use near ') )' at line 1
 [ SQLËØ≠Âè• ] : SELECT role.user_id AS user_id,role.role_id AS role_id,role.position_id AS position_id,user.name AS user_name,user.status AS status,user.weixinid AS weixinid,user.category_id AS category_id,user.sex AS sex,user.address AS address,user.email AS email,user.img AS img,user.telephone AS telephone,user.dashboard AS dashboard,position.name AS role_name,position.parent_id AS parent_id,position.department_id AS department_id,position.description AS description,role_department.name AS department_name FROM 5kcrm_role role LEFT JOIN 5kcrm_user user ON user.user_id=role.user_id LEFT JOIN 5kcrm_position position ON position.position_id=role.position_id LEFT JOIN 5kcrm_role_department role_department ON role_department.department_id=position.department_id WHERE ( role.role_id in () ) 

[ 2019-03-06T16:04:20+08:00 ] 109.232.240.7 /index.php?m=leads
ERR: You have an error in your SQL syntax; check the manual that corresponds to your MySQL server version for the right syntax to use near '%s) )' at line 1
 [ SQLËØ≠Âè• ] : SELECT role.user_id AS user_id,role.role_id AS role_id,role.position_id AS position_id,user.name AS user_name,user.status AS status,user.weixinid AS weixinid,user.category_id AS category_id,user.sex AS sex,user.address AS address,user.email AS email,user.img AS img,user.telephone AS telephone,user.dashboard AS dashboard,position.name AS role_name,position.parent_id AS parent_id,position.department_id AS department_id,position.description AS description,role_department.name AS department_name FROM 5kcrm_role role LEFT JOIN 5kcrm_user user ON user.user_id=role.user_id LEFT JOIN 5kcrm_position position ON position.position_id=role.position_id LEFT JOIN 5kcrm_role_department role_department ON role_department.department_id=position.department_id WHERE ( role.role_id in (%s) ) 

[ 2019-03-06T16:04:32+08:00 ] 109.232.240.7 /index.php?m=leads&a=index&by=subcreate
ERR: You have an error in your SQL syntax; check the manual that corresponds to your MySQL server version for the right syntax to use near ') ) AND ( leads.is_deleted <> 1 ) AND ( leads.owner_role_id IN ('1') ) ORDER BY ' at line 1
 [ SQLËØ≠Âè• ] : SELECT leads.nextstep_time AS nextstep_time,leads.nextstep AS nextstep,leads.contacts_name AS contacts_name,leads.saltname AS saltname,leads.mobile AS mobile,leads.email AS email,leads.position AS position,leads.address AS address,leads.name AS name,leads.source AS source,leads.leads_id AS leads_id,leads.creator_role_id AS creator_role_id,leads.owner_role_id AS owner_role_id,leads.create_time AS create_time,leads.update_time AS update_time,leads.contacts_id AS contacts_id,leads.customer_id AS customer_id,leads.is_deleted AS is_deleted,leads_data.description AS description FROM 5kcrm_leads leads LEFT JOIN 5kcrm_leads_data leads_data ON leads.leads_id = leads_data.leads_id WHERE ( `have_time` >= 1549267472 ) AND ( `is_transformed` <> 1 ) AND ( leads.creator_role_id IN () ) AND ( leads.is_deleted <> 1 ) AND ( leads.owner_role_id IN ('1') ) ORDER BY leads.create_time desc LIMIT 0,15  
ERR: You have an error in your SQL syntax; check the manual that corresponds to your MySQL server version for the right syntax to use near ') ) AND ( leads.is_deleted <> 1 ) AND ( leads.owner_role_id IN ('1') ) LIMIT 1' at line 1
 [ SQLËØ≠Âè• ] : SELECT COUNT(*) AS tp_count FROM 5kcrm_leads leads LEFT JOIN 5kcrm_leads_data leads_data ON leads.leads_id = leads_data.leads_id WHERE ( `have_time` >= 1549267472 ) AND ( `is_transformed` <> 1 ) AND ( leads.creator_role_id IN () ) AND ( leads.is_deleted <> 1 ) AND ( leads.owner_role_id IN ('1') ) LIMIT 1  
ERR: You have an error in your SQL syntax; check the manual that corresponds to your MySQL server version for the right syntax to use near '%s) )' at line 1
 [ SQLËØ≠Âè• ] : SELECT role.user_id AS user_id,role.role_id AS role_id,role.position_id AS position_id,user.name AS user_name,user.status AS status,user.weixinid AS weixinid,user.category_id AS category_id,user.sex AS sex,user.address AS address,user.email AS email,user.img AS img,user.telephone AS telephone,user.dashboard AS dashboard,position.name AS role_name,position.parent_id AS parent_id,position.department_id AS department_id,position.description AS description,role_department.name AS department_name FROM 5kcrm_role role LEFT JOIN 5kcrm_user user ON user.user_id=role.user_id LEFT JOIN 5kcrm_position position ON position.position_id=role.position_id LEFT JOIN 5kcrm_role_department role_department ON role_department.department_id=position.department_id WHERE ( role.role_id in (%s) ) 

[ 2019-03-06T16:04:43+08:00 ] 109.232.240.7 /index.php?m=leads&a=index&by=subcreate
ERR: You have an error in your SQL syntax; check the manual that corresponds to your MySQL server version for the right syntax to use near ') ) AND ( leads.is_deleted <> 1 ) AND ( leads.owner_role_id IN ('1') ) ORDER BY ' at line 1
 [ SQLËØ≠Âè• ] : SELECT leads.nextstep_time AS nextstep_time,leads.nextstep AS nextstep,leads.contacts_name AS contacts_name,leads.saltname AS saltname,leads.mobile AS mobile,leads.email AS email,leads.position AS position,leads.address AS address,leads.name AS name,leads.source AS source,leads.leads_id AS leads_id,leads.creator_role_id AS creator_role_id,leads.owner_role_id AS owner_role_id,leads.create_time AS create_time,leads.update_time AS update_time,leads.contacts_id AS contacts_id,leads.customer_id AS customer_id,leads.is_deleted AS is_deleted,leads_data.description AS description FROM 5kcrm_leads leads LEFT JOIN 5kcrm_leads_data leads_data ON leads.leads_id = leads_data.leads_id WHERE ( `have_time` >= 1549267483 ) AND ( `is_transformed` <> 1 ) AND ( leads.creator_role_id IN () ) AND ( leads.is_deleted <> 1 ) AND ( leads.owner_role_id IN ('1') ) ORDER BY leads.create_time desc LIMIT 0,15  
ERR: You have an error in your SQL syntax; check the manual that corresponds to your MySQL server version for the right syntax to use near ') ) AND ( leads.is_deleted <> 1 ) AND ( leads.owner_role_id IN ('1') ) LIMIT 1' at line 1
 [ SQLËØ≠Âè• ] : SELECT COUNT(*) AS tp_count FROM 5kcrm_leads leads LEFT JOIN 5kcrm_leads_data leads_data ON leads.leads_id = leads_data.leads_id WHERE ( `have_time` >= 1549267483 ) AND ( `is_transformed` <> 1 ) AND ( leads.creator_role_id IN () ) AND ( leads.is_deleted <> 1 ) AND ( leads.owner_role_id IN ('1') ) LIMIT 1  
ERR: You have an error in your SQL syntax; check the manual that corresponds to your MySQL server version for the right syntax to use near '%s) )' at line 1
 [ SQLËØ≠Âè• ] : SELECT role.user_id AS user_id,role.role_id AS role_id,role.position_id AS position_id,user.name AS user_name,user.status AS status,user.weixinid AS weixinid,user.category_id AS category_id,user.sex AS sex,user.address AS address,user.email AS email,user.img AS img,user.telephone AS telephone,user.dashboard AS dashboard,position.name AS role_name,position.parent_id AS parent_id,position.department_id AS department_id,position.description AS description,role_department.name AS department_name FROM 5kcrm_role role LEFT JOIN 5kcrm_user user ON user.user_id=role.user_id LEFT JOIN 5kcrm_position position ON position.position_id=role.position_id LEFT JOIN 5kcrm_role_department role_department ON role_department.department_id=position.department_id WHERE ( role.role_id in (%s) ) 

[ 2019-03-06T16:06:46+08:00 ] 127.0.0.1 /index.php?m=knowledge
ERR: Table '5k.5kcrm_user_role' doesn't exist
 [ SQLËØ≠Âè• ] : SHOW COLUMNS FROM `5kcrm_user_role`

[ 2019-03-06T16:06:51+08:00 ] 127.0.0.1 /index.php?m=log
ERR: You have an error in your SQL syntax; check the manual that corresponds to your MySQL server version for the right syntax to use near ') )' at line 1
 [ SQLËØ≠Âè• ] : SELECT role.user_id AS user_id,role.role_id AS role_id,role.position_id AS position_id,user.name AS user_name,user.status AS status,user.weixinid AS weixinid,user.category_id AS category_id,user.sex AS sex,user.address AS address,user.email AS email,user.img AS img,user.telephone AS telephone,user.dashboard AS dashboard,position.name AS role_name,position.parent_id AS parent_id,position.department_id AS department_id,position.description AS description,role_department.name AS department_name FROM 5kcrm_role role LEFT JOIN 5kcrm_user user ON user.user_id=role.user_id LEFT JOIN 5kcrm_position position ON position.position_id=role.position_id LEFT JOIN 5kcrm_role_department role_department ON role_department.department_id=position.department_id WHERE ( role.role_id in () ) 

[ 2019-03-06T16:07:15+08:00 ] 127.0.0.1 /index.php?m=leads
ERR: You have an error in your SQL syntax; check the manual that corresponds to your MySQL server version for the right syntax to use near '%s) )' at line 1
 [ SQLËØ≠Âè• ] : SELECT role.user_id AS user_id,role.role_id AS role_id,role.position_id AS position_id,user.name AS user_name,user.status AS status,user.weixinid AS weixinid,user.category_id AS category_id,user.sex AS sex,user.address AS address,user.email AS email,user.img AS img,user.telephone AS telephone,user.dashboard AS dashboard,position.name AS role_name,position.parent_id AS parent_id,position.department_id AS department_id,position.description AS description,role_department.name AS department_name FROM 5kcrm_role role LEFT JOIN 5kcrm_user user ON user.user_id=role.user_id LEFT JOIN 5kcrm_position position ON position.position_id=role.position_id LEFT JOIN 5kcrm_role_department role_department ON role_department.department_id=position.department_id WHERE ( role.role_id in (%s) ) 

[ 2019-03-06T16:07:18+08:00 ] 127.0.0.1 /index.php?m=leads
ERR: You have an error in your SQL syntax; check the manual that corresponds to your MySQL server version for the right syntax to use near '%s) )' at line 1
 [ SQLËØ≠Âè• ] : SELECT role.user_id AS user_id,role.role_id AS role_id,role.position_id AS position_id,user.name AS user_name,user.status AS status,user.weixinid AS weixinid,user.category_id AS category_id,user.sex AS sex,user.address AS address,user.email AS email,user.img AS img,user.telephone AS telephone,user.dashboard AS dashboard,position.name AS role_name,position.parent_id AS parent_id,position.department_id AS department_id,position.description AS description,role_department.name AS department_name FROM 5kcrm_role role LEFT JOIN 5kcrm_user user ON user.user_id=role.user_id LEFT JOIN 5kcrm_position position ON position.position_id=role.position_id LEFT JOIN 5kcrm_role_department role_department ON role_department.department_id=position.department_id WHERE ( role.role_id in (%s) ) 

[ 2019-03-06T16:12:56+08:00 ] 109.232.240.7 /index.php?m=leads
ERR: You have an error in your SQL syntax; check the manual that corresponds to your MySQL server version for the right syntax to use near '%s) )' at line 1
 [ SQLËØ≠Âè• ] : SELECT role.user_id AS user_id,role.role_id AS role_id,role.position_id AS position_id,user.name AS user_name,user.status AS status,user.weixinid AS weixinid,user.category_id AS category_id,user.sex AS sex,user.address AS address,user.email AS email,user.img AS img,user.telephone AS telephone,user.dashboard AS dashboard,position.name AS role_name,position.parent_id AS parent_id,position.department_id AS department_id,position.description AS description,role_department.name AS department_name FROM 5kcrm_role role LEFT JOIN 5kcrm_user user ON user.user_id=role.user_id LEFT JOIN 5kcrm_position position ON position.position_id=role.position_id LEFT JOIN 5kcrm_role_department role_department ON role_department.department_id=position.department_id WHERE ( role.role_id in (%s) ) 

[ 2019-03-06T16:13:03+08:00 ] 109.232.240.7 /index.php?m=leads&a=index&by=public
ERR: You have an error in your SQL syntax; check the manual that corresponds to your MySQL server version for the right syntax to use near '%s) )' at line 1
 [ SQLËØ≠Âè• ] : SELECT role.user_id AS user_id,role.role_id AS role_id,role.position_id AS position_id,user.name AS user_name,user.status AS status,user.weixinid AS weixinid,user.category_id AS category_id,user.sex AS sex,user.address AS address,user.email AS email,user.img AS img,user.telephone AS telephone,user.dashboard AS dashboard,position.name AS role_name,position.parent_id AS parent_id,position.department_id AS department_id,position.description AS description,role_department.name AS department_name FROM 5kcrm_role role LEFT JOIN 5kcrm_user user ON user.user_id=role.user_id LEFT JOIN 5kcrm_position position ON position.position_id=role.position_id LEFT JOIN 5kcrm_role_department role_department ON role_department.department_id=position.department_id WHERE ( role.role_id in (%s) ) 

[ 2019-03-06T16:14:56+08:00 ] 109.232.240.7 /index.php?m=leads
ERR: You have an error in your SQL syntax; check the manual that corresponds to your MySQL server version for the right syntax to use near '%s) )' at line 1
 [ SQLËØ≠Âè• ] : SELECT role.user_id AS user_id,role.role_id AS role_id,role.position_id AS position_id,user.name AS user_name,user.status AS status,user.weixinid AS weixinid,user.category_id AS category_id,user.sex AS sex,user.address AS address,user.email AS email,user.img AS img,user.telephone AS telephone,user.dashboard AS dashboard,position.name AS role_name,position.parent_id AS parent_id,position.department_id AS department_id,position.description AS description,role_department.name AS department_name FROM 5kcrm_role role LEFT JOIN 5kcrm_user user ON user.user_id=role.user_id LEFT JOIN 5kcrm_position position ON position.position_id=role.position_id LEFT JOIN 5kcrm_role_department role_department ON role_department.department_id=position.department_id WHERE ( role.role_id in (%s) ) 

[ 2019-03-06T16:16:25+08:00 ] 109.232.240.7 /index.php?m=customer&a=analytics
ERR: You have an error in your SQL syntax; check the manual that corresponds to your MySQL server version for the right syntax to use near ') ) AND ( `owner_role_id` = 1 ) AND ( `create_time` <= 1551887999 ) LIMIT 1' at line 1
 [ SQLËØ≠Âè• ] : SELECT COUNT(*) AS tp_count FROM `5kcrm_customer` WHERE ( `is_deleted` = 0 ) AND ( `customer_id` IN () ) AND ( `owner_role_id` = 1 ) AND ( `create_time` <= 1551887999 ) LIMIT 1  
ERR: You have an error in your SQL syntax; check the manual that corresponds to your MySQL server version for the right syntax to use near ') ) AND ( `owner_role_id` = 2 ) AND ( `create_time` <= 1551887999 ) LIMIT 1' at line 1
 [ SQLËØ≠Âè• ] : SELECT COUNT(*) AS tp_count FROM `5kcrm_customer` WHERE ( `is_deleted` = 0 ) AND ( `customer_id` IN () ) AND ( `owner_role_id` = 2 ) AND ( `create_time` <= 1551887999 ) LIMIT 1  

